Build started 8/11/2018 14:31:50.
     1>Project "C:\Users\regretful_p\Documents\GitHub\Simple-Ransomware\Simple-Ransomware\Simple-Ransomware.vcxproj" on node 2 (build target(s)).
     1>InitializeBuildStatus:
         Creating "Debug\Simple-Ransomware.unsuccessfulbuild" because "AlwaysCreate" was specified.
       ClCompile:
         C:\Program Files (x86)\Microsoft Visual Studio 10.0\VC\bin\CL.exe /c /ZI /nologo /W3 /WX- /Od /Oy- /D WIN32 /D _DEBUG /D _CONSOLE /D _UNICODE /D UNICODE /Gm /EHsc /RTC1 /MDd /GS /fp:precise /Zc:wchar_t /Zc:forScope /Yc"StdAfx.h" /Fp"Debug\Simple-Ransomware.pch" /Fo"Debug\\" /Fd"Debug\vc100.pdb" /Gd /TP /analyze- /errorReport:prompt stdafx.cpp
         stdafx.cpp
         C:\Program Files (x86)\Microsoft Visual Studio 10.0\VC\bin\CL.exe /c /ZI /nologo /W3 /WX- /Od /Oy- /D WIN32 /D _DEBUG /D _CONSOLE /D _UNICODE /D UNICODE /Gm /EHsc /RTC1 /MDd /GS /fp:precise /Zc:wchar_t /Zc:forScope /Yu"StdAfx.h" /Fp"Debug\Simple-Ransomware.pch" /Fo"Debug\\" /Fd"Debug\vc100.pdb" /Gd /TP /analyze- /errorReport:prompt "Simple-Ransomware.cpp"
         Simple-Ransomware.cpp
     1>c:\users\regretful_p\documents\github\simple-ransomware\simple-ransomware\simple-ransomware.cpp(39): warning C4018: '<' : signed/unsigned mismatch
     1>c:\users\regretful_p\documents\github\simple-ransomware\simple-ransomware\simple-ransomware.cpp(41): warning C4244: '=' : conversion from 'DWORD' to 'BYTE', possible loss of data
     1>c:\users\regretful_p\documents\github\simple-ransomware\simple-ransomware\simple-ransomware.cpp(26): warning C4101: 'mesg' : unreferenced local variable
     1>c:\users\regretful_p\documents\github\simple-ransomware\simple-ransomware\simple-ransomware.cpp(88): warning C4101: 'length_of_arg' : unreferenced local variable
       ManifestResourceCompile:
         All outputs are up-to-date.
       Link:
         C:\Program Files (x86)\Microsoft Visual Studio 10.0\VC\bin\link.exe /ERRORREPORT:PROMPT /OUT:"C:\Users\regretful_p\Documents\GitHub\Simple-Ransomware\Debug\Simple-Ransomware.exe" /INCREMENTAL /NOLOGO kernel32.lib user32.lib gdi32.lib winspool.lib comdlg32.lib advapi32.lib shell32.lib ole32.lib oleaut32.lib uuid.lib odbc32.lib odbccp32.lib /MANIFEST /ManifestFile:"Debug\Simple-Ransomware.exe.intermediate.manifest" /MANIFESTUAC:"level='asInvoker' uiAccess='false'" /DEBUG /PDB:"C:\Users\regretful_p\Documents\GitHub\Simple-Ransomware\Debug\Simple-Ransomware.pdb" /SUBSYSTEM:CONSOLE /TLBID:1 /DYNAMICBASE /NXCOMPAT /IMPLIB:"C:\Users\regretful_p\Documents\GitHub\Simple-Ransomware\Debug\Simple-Ransomware.lib" /MACHINE:X86 "Debug\Simple-Ransomware.exe.embed.manifest.res"
         "Debug\Simple-Ransomware.obj"
         Debug\stdafx.obj
       Manifest:
         C:\Program Files (x86)\Microsoft SDKs\Windows\v7.0A\bin\mt.exe /nologo /verbose /out:"Debug\Simple-Ransomware.exe.embed.manifest" /manifest "Debug\Simple-Ransomware.exe.intermediate.manifest"
         All outputs are up-to-date.
       LinkEmbedManifest:
         All outputs are up-to-date.
         Simple-Ransomware.vcxproj -> C:\Users\regretful_p\Documents\GitHub\Simple-Ransomware\Debug\Simple-Ransomware.exe
       FinalizeBuildStatus:
         Deleting file "Debug\Simple-Ransomware.unsuccessfulbuild".
         Touching "Debug\Simple-Ransomware.lastbuildstate".
     1>Done Building Project "C:\Users\regretful_p\Documents\GitHub\Simple-Ransomware\Simple-Ransomware\Simple-Ransomware.vcxproj" (build target(s)).

Build succeeded.

Time Elapsed 00:00:01.15
